<?xml version="1.0" encoding="UTF-8"?>
<!-- Generated by org.testng.reporters.JUnitReportReporter -->
<testsuite hostname="Trung-PC" name="Dropdownlist.TC04_JQUERY" tests="1" failures="0" timestamp="12 Jun 2020 18:59:55 GMT" time="2.030" errors="0">
  <testcase name="TC04_Jquey" time="2.030" classname="Dropdownlist.TC04_JQUERY"/>
</testsuite> <!-- Dropdownlist.TC04_JQUERY -->
