<?xml version="1.0" encoding="UTF-8"?>
<!-- Generated by org.testng.reporters.JUnitReportReporter -->
<testsuite hostname="Trung-PC" name="Dropdownlist.BT02" tests="1" failures="0" timestamp="11 Jun 2020 17:23:21 GMT" time="2.055" errors="0">
  <testcase name="BT02" time="2.055" classname="Dropdownlist.BT02"/>
</testsuite> <!-- Dropdownlist.BT02 -->
