<?xml version="1.0" encoding="UTF-8"?>
<!-- Generated by org.testng.reporters.JUnitReportReporter -->
<testsuite hostname="Trung-PC" name="Button_Radio_Checkbox_Alert.TC06_Prompt_Alert" tests="1" failures="0" timestamp="3 Jul 2020 15:50:34 GMT" time="0.265" errors="0">
  <testcase name="TC06_Prompt_Alert" time="0.265" classname="Button_Radio_Checkbox_Alert.TC06_Prompt_Alert"/>
</testsuite> <!-- Button_Radio_Checkbox_Alert.TC06_Prompt_Alert -->
