<?xml version="1.0" encoding="UTF-8"?>
<!-- Generated by org.testng.reporters.JUnitReportReporter -->
<testsuite hostname="Trung-PC" name="Button_Radio_Checkbox_Alert.TC01_Button_JS" tests="1" failures="0" timestamp="3 Jul 2020 11:53:20 GMT" time="2.448" errors="0">
  <testcase name="TC01_Button_JS" time="2.448" classname="Button_Radio_Checkbox_Alert.TC01_Button_JS"/>
</testsuite> <!-- Button_Radio_Checkbox_Alert.TC01_Button_JS -->
