<?xml version="1.0" encoding="UTF-8"?>
<!-- Generated by org.testng.reporters.JUnitReportReporter -->
<testsuite hostname="Trung-PC" name="Button_Radio_Checkbox_Alert.TC02_DefaultCheckbox_RadioButton" tests="1" failures="0" timestamp="3 Jul 2020 12:45:21 GMT" time="3.549" errors="0">
  <testcase name="TC02_DefaultCheckbox_RadioButton" time="3.549" classname="Button_Radio_Checkbox_Alert.TC02_DefaultCheckbox_RadioButton"/>
</testsuite> <!-- Button_Radio_Checkbox_Alert.TC02_DefaultCheckbox_RadioButton -->
