<?xml version="1.0" encoding="UTF-8"?>
<!-- Generated by org.testng.reporters.JUnitReportReporter -->
<testsuite hostname="Trung-PC" name="Button_Radio_Checkbox_Alert.TC05_Confirm_Alert" tests="1" failures="0" timestamp="3 Jul 2020 15:17:17 GMT" time="0.206" errors="0">
  <testcase name="TC05_Confirm_Alert" time="0.206" classname="Button_Radio_Checkbox_Alert.TC05_Confirm_Alert"/>
</testsuite> <!-- Button_Radio_Checkbox_Alert.TC05_Confirm_Alert -->
