<?xml version="1.0" encoding="UTF-8"?>
<!-- Generated by org.testng.reporters.JUnitReportReporter -->
<testsuite hostname="Trung-PC" name="Button_Radio_Checkbox_Alert.TC03_CustomerCheckbox_RadioButton" tests="1" failures="0" timestamp="3 Jul 2020 13:35:41 GMT" time="0.930" errors="0">
  <testcase name="TC03_CustomerCheckbox_RadioButton" time="0.930" classname="Button_Radio_Checkbox_Alert.TC03_CustomerCheckbox_RadioButton"/>
</testsuite> <!-- Button_Radio_Checkbox_Alert.TC03_CustomerCheckbox_RadioButton -->
