<?xml version="1.0" encoding="UTF-8"?>
<!-- Generated by org.testng.reporters.JUnitReportReporter -->
<testsuite hostname="Trung-PC" name="TextBox_TextArea.BT01" tests="1" failures="0" timestamp="10 Jun 2020 16:10:37 GMT" time="4.101" errors="0">
  <testcase name="BT01" time="4.101" classname="TextBox_TextArea.BT01"/>
</testsuite> <!-- TextBox_TextArea.BT01 -->
