<?xml version="1.0" encoding="UTF-8"?>
<!-- Generated by org.testng.reporters.JUnitReportReporter -->
<testsuite hostname="Trung-PC" name="Button_Radio_Checkbox_Alert.TC04_Accept_Alert" tests="1" failures="0" timestamp="3 Jul 2020 13:46:22 GMT" time="0.337" errors="0">
  <testcase name="TC04_Accept_Alert" time="0.337" classname="Button_Radio_Checkbox_Alert.TC04_Accept_Alert"/>
</testsuite> <!-- Button_Radio_Checkbox_Alert.TC04_Accept_Alert -->
